INFO:root:width 135 extent 63.0 scale 2
INFO:root:tree is 39, gantt is 40
INFO:root:width 135 extent 63.0 scale 2
INFO:root:tree is 39, gantt is 40
INFO:root:width 135 extent 63.0 scale 2
INFO:root:tree is 39, gantt is 40
INFO:root:width 135 extent 63.0 scale 2
INFO:root:tree is 39, gantt is 40
INFO:root:width 135 extent 63.0 scale 2
INFO:root:tree is 39, gantt is 40
INFO:root:width 135 extent 63.0 scale 2
INFO:root:tree is 39, gantt is 40
INFO:root:width 135 extent 63.0 scale 2
INFO:root:tree is 39, gantt is 40
INFO:root:width 135 extent 63.0 scale 2
INFO:root:tree is 39, gantt is 40
INFO:root:set focus: gantt
INFO:root:set focus: tree
INFO:root:set focus: gantt
INFO:root:set focus: tree
INFO:root:set focus: gantt
INFO:root:set focus: tree
INFO:root:width 135 extent 5.333333333333333 scale 22
INFO:root:tree is 10, gantt is 11
INFO:root:width 74 extent 5.333333333333333 scale 12
INFO:root:tree is 10, gantt is 11
INFO:root:set focus: gantt
INFO:root:tree is 10, gantt is 10
INFO:root:tree is 10, gantt is 10
INFO:root:time 0 current 0 remaining 0
INFO:root:time -0.3333333333333333 current 0.3333333333333333 remaining 0.16666666666666669
INFO:root:time 0.16666666666666669 current 0 remaining 0
INFO:root:time 0.16666666666666669 current 0 remaining 1.0
INFO:root:time -1.3333333333333333 current 2.5 remaining 0.0
INFO:root:time 1.1666666666666667 current 0 remaining 0.3333333333333333
INFO:root:time 1.5 current 0 remaining 1.0
INFO:root:time 2.5 current 0 remaining 0
INFO:root:time 2.5 current 0 remaining 0
INFO:root:tree is 10, gantt is 10
INFO:root:time 0 current 0 remaining 0
INFO:root:time -0.3333333333333333 current 0.3333333333333333 remaining 0.16666666666666669
INFO:root:time 0.16666666666666669 current 0 remaining 0
INFO:root:time 0.16666666666666669 current 0 remaining 1.0
INFO:root:time -1.3333333333333333 current 2.5 remaining 0.0
INFO:root:time 1.1666666666666667 current 0 remaining 0.3333333333333333
INFO:root:time 1.5 current 0 remaining 1.0
INFO:root:time 2.5 current 0 remaining 0
INFO:root:time 2.5 current 0 remaining 0
INFO:root:tree is 10, gantt is 10
INFO:root:time 0 current 0 remaining 0
INFO:root:time -0.3333333333333333 current 0.3333333333333333 remaining 0.16666666666666669
INFO:root:time 0.16666666666666669 current 0 remaining 0
INFO:root:time 0.16666666666666669 current 0 remaining 1.0
INFO:root:time -1.3333333333333333 current 2.5 remaining 0.0
INFO:root:time 1.1666666666666667 current 0 remaining 0.3333333333333333
INFO:root:time 1.5 current 0 remaining 1.0
INFO:root:time 2.5 current 0 remaining 0
INFO:root:time 2.5 current 0 remaining 0
INFO:root:tree is 10, gantt is 10
INFO:root:time 0 current 0 remaining 0
INFO:root:time -0.3333333333333333 current 0.3333333333333333 remaining 0.16666666666666669
INFO:root:time 0.16666666666666669 current 0 remaining 0
INFO:root:time 0.16666666666666669 current 0 remaining 1.0
INFO:root:time -1.3333333333333333 current 2.5 remaining 0.0
INFO:root:time 1.1666666666666667 current 0 remaining 0.3333333333333333
INFO:root:time 1.5 current 0 remaining 1.0
INFO:root:time 2.5 current 0 remaining 0
INFO:root:time 2.5 current 0 remaining 0
INFO:root:tree is 10, gantt is 10
INFO:root:time 0 current 0 remaining 0
INFO:root:time -0.3333333333333333 current 0.3333333333333333 remaining 0.16666666666666669
INFO:root:time 0.16666666666666669 current 0 remaining 0
INFO:root:time 0.16666666666666669 current 0 remaining 1.0
INFO:root:time -1.3333333333333333 current 2.5 remaining 0.0
INFO:root:time 1.1666666666666667 current 0 remaining 0.3333333333333333
INFO:root:time 1.5 current 0 remaining 1.0
INFO:root:time 2.5 current 0 remaining 0
INFO:root:time 2.5 current 0 remaining 0
INFO:root:tree is 10, gantt is 10
INFO:root:time 0 current 0 remaining 0
INFO:root:time -0.3333333333333333 current 0.3333333333333333 remaining 0.16666666666666669
INFO:root:time 0.16666666666666669 current 0 remaining 0
INFO:root:time 0.16666666666666669 current 0 remaining 1.0
INFO:root:time -1.3333333333333333 current 2.5 remaining 0.0
INFO:root:time 1.1666666666666667 current 0 remaining 0.3333333333333333
INFO:root:time 1.5 current 0 remaining 1.0
INFO:root:time 2.5 current 0 remaining 0
INFO:root:time 2.5 current 0 remaining 0
INFO:root:tree is 10, gantt is 10
INFO:root:time 0 current 0 remaining 0
INFO:root:time -0.3333333333333333 current 0.3333333333333333 remaining 0.16666666666666669
INFO:root:time 0.16666666666666669 current 0 remaining 0
INFO:root:time 0.16666666666666669 current 0 remaining 1.0
INFO:root:time -1.3333333333333333 current 2.5 remaining 0.0
INFO:root:time 1.1666666666666667 current 0 remaining 0.3333333333333333
INFO:root:time 1.5 current 0 remaining 1.0
INFO:root:time 2.5 current 0 remaining 0
INFO:root:time 2.5 current 0 remaining 0
INFO:root:tree is 10, gantt is 10
INFO:root:time 0 current 0 remaining 0
INFO:root:time -0.3333333333333333 current 0.3333333333333333 remaining 0.16666666666666669
INFO:root:time 0.16666666666666669 current 0 remaining 0
INFO:root:time 0.16666666666666669 current 0 remaining 1.0
INFO:root:time -1.3333333333333333 current 2.5 remaining 0.0
INFO:root:time 1.1666666666666667 current 0 remaining 0.3333333333333333
INFO:root:time 1.5 current 0 remaining 1.0
INFO:root:time 2.5 current 0 remaining 0
INFO:root:time 2.5 current 0 remaining 0
INFO:root:tree is 10, gantt is 10
INFO:root:time 0 current 0 remaining 0
INFO:root:time -0.3333333333333333 current 0.3333333333333333 remaining 0.16666666666666669
INFO:root:time 0.16666666666666669 current 0 remaining 0
INFO:root:time 0.16666666666666669 current 0 remaining 1.0
INFO:root:time -1.3333333333333333 current 2.5 remaining 0.0
INFO:root:time 1.1666666666666667 current 0 remaining 0.3333333333333333
INFO:root:time 1.5 current 0 remaining 1.0
INFO:root:time 2.5 current 0 remaining 0
INFO:root:time 2.5 current 0 remaining 0
INFO:root:tree is 10, gantt is 10
INFO:root:time 0 current 0 remaining 0
INFO:root:time -0.3333333333333333 current 0.3333333333333333 remaining 0.16666666666666669
INFO:root:time 0.16666666666666669 current 0 remaining 0
INFO:root:time 0.16666666666666669 current 0 remaining 1.0
INFO:root:time -1.3333333333333333 current 2.5 remaining 0.0
INFO:root:time 1.1666666666666667 current 0 remaining 0.3333333333333333
INFO:root:time 1.5 current 0 remaining 1.0
INFO:root:time 2.5 current 0 remaining 0
INFO:root:time 2.5 current 0 remaining 0
INFO:root:tree is 10, gantt is 10
INFO:root:time 0 current 0 remaining 0
INFO:root:time -0.3333333333333333 current 0.3333333333333333 remaining 0.16666666666666669
INFO:root:time 0.16666666666666669 current 0 remaining 0
INFO:root:time 0.16666666666666669 current 0 remaining 1.0
INFO:root:time -1.3333333333333333 current 2.5 remaining 0.0
INFO:root:time 1.1666666666666667 current 0 remaining 0.3333333333333333
INFO:root:time 1.5 current 0 remaining 1.0
INFO:root:time 2.5 current 0 remaining 0
INFO:root:time 2.5 current 0 remaining 0
INFO:root:tree is 10, gantt is 10
INFO:root:time 0 current 0 remaining 0
INFO:root:time -0.3333333333333333 current 0.3333333333333333 remaining 0.16666666666666669
INFO:root:time 0.16666666666666669 current 0 remaining 0
INFO:root:time 0.16666666666666669 current 0 remaining 1.0
INFO:root:time -1.3333333333333333 current 2.5 remaining 0.0
INFO:root:time 1.1666666666666667 current 0 remaining 0.3333333333333333
INFO:root:time 1.5 current 0 remaining 1.0
INFO:root:time 2.5 current 0 remaining 0
INFO:root:time 2.5 current 0 remaining 0
INFO:root:tree is 10, gantt is 10
INFO:root:time 0 current 0 remaining 0
INFO:root:time -0.3333333333333333 current 0.3333333333333333 remaining 0.16666666666666669
INFO:root:time 0.16666666666666669 current 0 remaining 0
INFO:root:time 0.16666666666666669 current 0 remaining 1.0
INFO:root:time -1.3333333333333333 current 2.5 remaining 0.0
INFO:root:time 1.1666666666666667 current 0 remaining 0.3333333333333333
INFO:root:time 1.5 current 0 remaining 1.0
INFO:root:time 2.5 current 0 remaining 0
INFO:root:time 2.5 current 0 remaining 0
INFO:root:tree is 10, gantt is 10
INFO:root:time 0 current 0 remaining 0
INFO:root:time -0.3333333333333333 current 0.3333333333333333 remaining 0.16666666666666669
INFO:root:time 0.16666666666666669 current 0 remaining 0
INFO:root:time 0.16666666666666669 current 0 remaining 1.0
INFO:root:time -1.3333333333333333 current 2.5 remaining 0.0
INFO:root:time 1.1666666666666667 current 0 remaining 0.3333333333333333
INFO:root:time 1.5 current 0 remaining 1.0
INFO:root:time 2.5 current 0 remaining 0
INFO:root:time 2.5 current 0 remaining 0
INFO:root:tree is 10, gantt is 10
INFO:root:time 0 current 0 remaining 0
INFO:root:time 0 current 0 remaining 0
INFO:root:time -0.3333333333333333 current 0.3333333333333333 remaining 0.16666666666666669
INFO:root:time 0.16666666666666669 current 0 remaining 0
INFO:root:time 0.16666666666666669 current 0 remaining 1.0
INFO:root:time -1.3333333333333333 current 2.5 remaining 0.0
INFO:root:time 1.1666666666666667 current 0 remaining 0.3333333333333333
INFO:root:time 1.5 current 0 remaining 1.0
INFO:root:time 2.5 current 0 remaining 0
INFO:root:time 2.5 current 0 remaining 0
INFO:root:tree is 10, gantt is 10
INFO:root:extent 2.5 width 86 scale 30
INFO:root:time 0 current 0 remaining 0
INFO:root:time -0.3333333333333333 current 0.3333333333333333 remaining 0.16666666666666669
INFO:root:time 0.16666666666666669 current 0 remaining 0
INFO:root:time 0.16666666666666669 current 0 remaining 1.0
INFO:root:time -1.3333333333333333 current 2.5 remaining 0.0
INFO:root:time 1.1666666666666667 current 0 remaining 0.3333333333333333
INFO:root:time 1.5 current 0 remaining 1.0
INFO:root:time 2.5 current 0 remaining 0
INFO:root:time 2.5 current 0 remaining 0
INFO:root:tree is 10, gantt is 10
INFO:root:extent 2.5 width 86 scale 30
INFO:root:time 0 current 0 remaining 0
INFO:root:time -0.3333333333333333 current 0.3333333333333333 remaining 0.16666666666666669
INFO:root:time 0.16666666666666669 current 0 remaining 0
INFO:root:time 0.16666666666666669 current 0 remaining 1.0
INFO:root:time -1.3333333333333333 current 2.5 remaining 0.0
INFO:root:time 1.1666666666666667 current 0 remaining 0.3333333333333333
INFO:root:time 1.5 current 0 remaining 1.0
INFO:root:time 2.5 current 0 remaining 0
INFO:root:time 2.5 current 0 remaining 0
INFO:root:tree is 10, gantt is 10
INFO:root:extent 2.5 width 55 scale 19
INFO:root:time 0 current 0 remaining 0
INFO:root:time -0.3333333333333333 current 0.3333333333333333 remaining 0.16666666666666669
INFO:root:time 0.16666666666666669 current 0 remaining 0
INFO:root:time 0.16666666666666669 current 0 remaining 1.0
INFO:root:time -1.3333333333333333 current 2.5 remaining 0.0
INFO:root:time 1.1666666666666667 current 0 remaining 0.3333333333333333
INFO:root:time 1.5 current 0 remaining 1.0
INFO:root:time 2.5 current 0 remaining 0
INFO:root:time 2.5 current 0 remaining 0
INFO:root:tree is 10, gantt is 10
INFO:root:extent 2.5 width 55 scale 19
INFO:root:time 0 current 0 remaining 0
INFO:root:time -0.3333333333333333 current 0.3333333333333333 remaining 0.16666666666666669
INFO:root:time 0.16666666666666669 current 0 remaining 0
INFO:root:time 0.16666666666666669 current 0 remaining 1.0
INFO:root:time -1.3333333333333333 current 2.5 remaining 0.0
INFO:root:time 1.1666666666666667 current 0 remaining 0.3333333333333333
INFO:root:time 1.5 current 0 remaining 1.0
INFO:root:time 2.5 current 0 remaining 0
INFO:root:time 2.5 current 0 remaining 0
INFO:root:tree is 10, gantt is 10
INFO:root:extent 2.5 width 55 scale 19
INFO:root:time 0 current 0 remaining 0
INFO:root:time -0.3333333333333333 current 0.3333333333333333 remaining 0.16666666666666669
INFO:root:time 0.16666666666666669 current 0 remaining 0
INFO:root:time 0.16666666666666669 current 0 remaining 1.0
INFO:root:time -1.3333333333333333 current 2.5 remaining 0.0
INFO:root:time 1.1666666666666667 current 0 remaining 0.3333333333333333
INFO:root:time 1.5 current 0 remaining 1.0
INFO:root:time 2.5 current 0 remaining 0
INFO:root:time 2.5 current 0 remaining 0
INFO:root:tree is 10, gantt is 10
INFO:root:extent 2.5 width 135 scale 48
INFO:root:time 0 current 0 remaining 0
INFO:root:time -0.3333333333333333 current 0.3333333333333333 remaining 0.16666666666666669
INFO:root:time 0.16666666666666669 current 0 remaining 0
INFO:root:time 0.16666666666666669 current 0 remaining 1.0
INFO:root:time -1.3333333333333333 current 2.5 remaining 0.0
INFO:root:time 1.1666666666666667 current 0 remaining 0.3333333333333333
INFO:root:time 1.5 current 0 remaining 1.0
INFO:root:time 2.5 current 0 remaining 0
INFO:root:time 2.5 current 0 remaining 0
INFO:root:tree is 10, gantt is 10
INFO:root:extent 2.5 width 135 scale 48
INFO:root:time 0 current 0 remaining 0
INFO:root:time -0.3333333333333333 current 0.3333333333333333 remaining 0.16666666666666669
INFO:root:time 0.16666666666666669 current 0 remaining 0
INFO:root:time 0.16666666666666669 current 0 remaining 1.0
INFO:root:time -1.3333333333333333 current 2.5 remaining 0.0
INFO:root:time 1.1666666666666667 current 0 remaining 0.3333333333333333
INFO:root:time 1.5 current 0 remaining 1.0
INFO:root:time 2.5 current 0 remaining 0
INFO:root:time 2.5 current 0 remaining 0
INFO:root:tree is 10, gantt is 10
INFO:root:extent 2.5 width 135 scale 48
INFO:root:time 0 current 0 remaining 0
INFO:root:time -0.3333333333333333 current 0.3333333333333333 remaining 0.16666666666666669
INFO:root:time 0.16666666666666669 current 0 remaining 0
INFO:root:time 0.16666666666666669 current 0 remaining 1.0
INFO:root:time -1.3333333333333333 current 2.5 remaining 0.0
INFO:root:time 1.1666666666666667 current 0 remaining 0.3333333333333333
INFO:root:time 1.5 current 0 remaining 1.0
INFO:root:time 2.5 current 0 remaining 0
INFO:root:time 2.5 current 0 remaining 0
INFO:root:tree is 10, gantt is 10
INFO:root:extent 2.5 width 135 scale 48
INFO:root:time 0 current 0 remaining 0
INFO:root:time -0.3333333333333333 current 0.3333333333333333 remaining 0.16666666666666669
INFO:root:time 0.16666666666666669 current 0 remaining 0
INFO:root:time 0.16666666666666669 current 0 remaining 1.0
INFO:root:time -1.3333333333333333 current 2.5 remaining 0.0
INFO:root:time 1.1666666666666667 current 0 remaining 0.3333333333333333
INFO:root:time 1.5 current 0 remaining 1.0
INFO:root:time 2.5 current 0 remaining 0
INFO:root:time 2.5 current 0 remaining 0
INFO:root:tree is 10, gantt is 10
INFO:root:extent 2.5 width 135 scale 48
INFO:root:time 0 current 0 remaining 0
INFO:root:time -0.3333333333333333 current 0.3333333333333333 remaining 0.16666666666666669
INFO:root:time 0.16666666666666669 current 0 remaining 0
INFO:root:time 0.16666666666666669 current 0 remaining 1.0
INFO:root:time -1.3333333333333333 current 2.5 remaining 0.0
INFO:root:time 1.1666666666666667 current 0 remaining 0.3333333333333333
INFO:root:time 1.5 current 0 remaining 1.0
INFO:root:time 2.5 current 0 remaining 0
INFO:root:time 2.5 current 0 remaining 0
INFO:root:tree is 10, gantt is 10
INFO:root:extent 2.5 width 135 scale 48
INFO:root:time 0 current 0 remaining 0
INFO:root:time -0.3333333333333333 current 0.3333333333333333 remaining 0.16666666666666669
INFO:root:time 0.16666666666666669 current 0 remaining 0
INFO:root:time 0.16666666666666669 current 0 remaining 1.0
INFO:root:time -1.3333333333333333 current 2.5 remaining 0.0
INFO:root:time 1.1666666666666667 current 0 remaining 0.3333333333333333
INFO:root:time 1.5 current 0 remaining 1.0
INFO:root:time 2.5 current 0 remaining 0
INFO:root:time 2.5 current 0 remaining 0
INFO:root:tree is 10, gantt is 10
INFO:root:extent 2.5 width 135 scale 48
INFO:root:time 0 current 0 remaining 0
INFO:root:time -0.3333333333333333 current 0.3333333333333333 remaining 0.16666666666666669
INFO:root:time 0.16666666666666669 current 0 remaining 0
INFO:root:time 0.16666666666666669 current 0 remaining 1.0
INFO:root:time -1.3333333333333333 current 2.5 remaining 0.0
INFO:root:time 1.1666666666666667 current 0 remaining 0.3333333333333333
INFO:root:time 1.5 current 0 remaining 1.0
INFO:root:time 2.5 current 0 remaining 0
INFO:root:time 2.5 current 0 remaining 0
INFO:root:tree is 10, gantt is 10
INFO:root:extent 2.5 width 135 scale 48
INFO:root:time 0 current 0 remaining 0
INFO:root:time -0.3333333333333333 current 0.3333333333333333 remaining 0.16666666666666669
INFO:root:time 0.16666666666666669 current 0 remaining 0
INFO:root:time 0.16666666666666669 current 0 remaining 1.0
INFO:root:time -1.3333333333333333 current 2.5 remaining 0.0
INFO:root:time 1.1666666666666667 current 0 remaining 0.3333333333333333
INFO:root:time 1.5 current 0 remaining 1.0
INFO:root:time 2.5 current 0 remaining 0
INFO:root:time 2.5 current 0 remaining 0
INFO:root:tree is 10, gantt is 10
INFO:root:extent 2.5 width 135 scale 48
INFO:root:time 0 current 0 remaining 0
INFO:root:time -0.3333333333333333 current 0.3333333333333333 remaining 0.16666666666666669
INFO:root:time 0.16666666666666669 current 0 remaining 0
INFO:root:time 0.16666666666666669 current 0 remaining 1.0
INFO:root:time -1.3333333333333333 current 2.5 remaining 0.0
INFO:root:time 1.1666666666666667 current 0 remaining 0.3333333333333333
INFO:root:time 1.5 current 0 remaining 1.0
INFO:root:time 2.5 current 0 remaining 0
INFO:root:time 2.5 current 0 remaining 0
INFO:root:tree is 10, gantt is 10
INFO:root:extent 2.5 width 135 scale 48
INFO:root:time 0 current 0 remaining 0
INFO:root:time -0.3333333333333333 current 0.3333333333333333 remaining 0.16666666666666669
INFO:root:time 0.16666666666666669 current 0 remaining 0
INFO:root:time 0.16666666666666669 current 0 remaining 1.0
INFO:root:time -1.3333333333333333 current 2.5 remaining 0.0
INFO:root:time 1.1666666666666667 current 0 remaining 0.3333333333333333
INFO:root:time 1.5 current 0 remaining 1.0
INFO:root:time 2.5 current 0 remaining 0
INFO:root:time 2.5 current 0 remaining 0
INFO:root:tree is 10, gantt is 10
INFO:root:extent 2.5 width 135 scale 48
INFO:root:time 0 current 0 remaining 0
INFO:root:time -0.3333333333333333 current 0.3333333333333333 remaining 0.16666666666666669
INFO:root:time 0.16666666666666669 current 0 remaining 0
INFO:root:time 0.16666666666666669 current 0 remaining 1.0
INFO:root:time -1.3333333333333333 current 2.5 remaining 0.0
INFO:root:time 1.1666666666666667 current 0 remaining 0.3333333333333333
INFO:root:time 1.5 current 0 remaining 1.0
INFO:root:time 2.5 current 0 remaining 0
INFO:root:time 2.5 current 0 remaining 0
INFO:root:tree is 10, gantt is 10
INFO:root:extent 2.5 width 135 scale 48
INFO:root:time 0 current 0 remaining 0
INFO:root:time -0.3333333333333333 current 0.3333333333333333 remaining 0.16666666666666669
INFO:root:time 0.16666666666666669 current 0 remaining 0
INFO:root:time 0.16666666666666669 current 0 remaining 1.0
INFO:root:time -1.3333333333333333 current 2.5 remaining 0.0
INFO:root:time 1.1666666666666667 current 0 remaining 0.3333333333333333
INFO:root:time 1.5 current 0 remaining 1.0
INFO:root:time 2.5 current 0 remaining 0
INFO:root:time 2.5 current 0 remaining 0
INFO:root:tree is 10, gantt is 10
INFO:root:extent 2.5 width 135 scale 48
INFO:root:time 0 current 0 remaining 0
INFO:root:time -0.3333333333333333 current 0.3333333333333333 remaining 0.16666666666666669
INFO:root:time 0.16666666666666669 current 0 remaining 0
INFO:root:time 0.16666666666666669 current 0 remaining 1.0
INFO:root:time -1.3333333333333333 current 2.5 remaining 0.0
INFO:root:time 1.1666666666666667 current 0 remaining 0.3333333333333333
INFO:root:time 1.5 current 0 remaining 1.0
INFO:root:time 2.5 current 0 remaining 0
INFO:root:time 2.5 current 0 remaining 0
INFO:root:tree is 10, gantt is 10
INFO:root:extent 2.5 width 135 scale 48
INFO:root:time 0 current 0 remaining 0
INFO:root:time -0.3333333333333333 current 0.3333333333333333 remaining 0.16666666666666669
INFO:root:time 0.16666666666666669 current 0 remaining 0
INFO:root:time 0.16666666666666669 current 0 remaining 1.0
INFO:root:time -1.3333333333333333 current 2.5 remaining 0.0
INFO:root:time 1.1666666666666667 current 0 remaining 0.3333333333333333
INFO:root:time 1.5 current 0 remaining 1.0
INFO:root:time 2.5 current 0 remaining 0
INFO:root:time 2.5 current 0 remaining 0
INFO:root:tree is 10, gantt is 10
INFO:root:extent 2.5 width 135 scale 48
INFO:root:time 0 current 0 remaining 0
INFO:root:time -0.3333333333333333 current 0.3333333333333333 remaining 0.16666666666666669
INFO:root:time 0.16666666666666669 current 0 remaining 0
INFO:root:time 0.16666666666666669 current 0 remaining 1.0
INFO:root:time -1.3333333333333333 current 2.5 remaining 0.0
INFO:root:time 1.1666666666666667 current 0 remaining 0.3333333333333333
INFO:root:time 1.5 current 0 remaining 1.0
INFO:root:time 2.5 current 0 remaining 0
INFO:root:time 2.5 current 0 remaining 0
INFO:root:tree is 10, gantt is 10
INFO:root:extent 2.5 width 135 scale 48
INFO:root:time 0 current 0 remaining 0
INFO:root:time -0.3333333333333333 current 0.3333333333333333 remaining 0.16666666666666669
INFO:root:time 0.16666666666666669 current 0 remaining 0
INFO:root:time 0.16666666666666669 current 0 remaining 1.0
INFO:root:time -1.3333333333333333 current 2.5 remaining 0.0
INFO:root:time 1.1666666666666667 current 0 remaining 0.3333333333333333
INFO:root:time 1.5 current 0 remaining 1.0
INFO:root:time 2.5 current 0 remaining 0
INFO:root:time 2.5 current 0 remaining 0
INFO:root:tree is 10, gantt is 10
